  imgui.cpp
  imgui_demo.cpp
  imgui_draw.cpp
  imgui_impl_dx11.cpp
  imgui_impl_win32.cpp
  imgui_tables.cpp
  imgui_widgets.cpp
  gui.cpp
  main.cpp
C:\Users\RickZ\source\repos\cs2-cheat-cpp\CS2CheatCpp\src\vector.h(91,44): warning C4244: '=': conversion from 'double' to 'float', possible loss of data
  (compiling source file 'src/main.cpp')
  
C:\Users\RickZ\source\repos\cs2-cheat-cpp\CS2CheatCpp\src\vector.h(95,11): warning C4244: '=': conversion from 'double' to 'float', possible loss of data
  (compiling source file 'src/main.cpp')
  
C:\Users\RickZ\source\repos\cs2-cheat-cpp\CS2CheatCpp\src\vector.h(111,11): warning C4244: 'initializing': conversion from 'int' to 'float', possible loss of data
  (compiling source file 'src/main.cpp')
  
C:\Users\RickZ\source\repos\cs2-cheat-cpp\CS2CheatCpp\src\vector.h(112,11): warning C4244: 'initializing': conversion from 'int' to 'float', possible loss of data
  (compiling source file 'src/main.cpp')
  
C:\Users\RickZ\source\repos\cs2-cheat-cpp\CS2CheatCpp\src\render.h(31,53): warning C4244: 'argument': conversion from 'int' to 'float', possible loss of data
  (compiling source file 'src/main.cpp')
  
C:\Users\RickZ\source\repos\cs2-cheat-cpp\CS2CheatCpp\src\render.h(31,50): warning C4244: 'argument': conversion from 'int' to 'float', possible loss of data
  (compiling source file 'src/main.cpp')
  
C:\Users\RickZ\source\repos\cs2-cheat-cpp\CS2CheatCpp\src\render.h(37,112): warning C4244: 'argument': conversion from 'int' to 'float', possible loss of data
  (compiling source file 'src/main.cpp')
  
C:\Users\RickZ\source\repos\cs2-cheat-cpp\CS2CheatCpp\src\render.h(37,74): warning C4244: 'argument': conversion from 'int' to 'float', possible loss of data
  (compiling source file 'src/main.cpp')
  
C:\Users\RickZ\source\repos\cs2-cheat-cpp\CS2CheatCpp\src\render.h(37,67): warning C4244: 'argument': conversion from 'int' to 'float', possible loss of data
  (compiling source file 'src/main.cpp')
  
C:\Users\RickZ\source\repos\cs2-cheat-cpp\CS2CheatCpp\src\render.h(37,54): warning C4244: 'argument': conversion from 'int' to 'float', possible loss of data
  (compiling source file 'src/main.cpp')
  
C:\Users\RickZ\source\repos\cs2-cheat-cpp\CS2CheatCpp\src\render.h(37,51): warning C4244: 'argument': conversion from 'int' to 'float', possible loss of data
  (compiling source file 'src/main.cpp')
  
C:\Users\RickZ\source\repos\cs2-cheat-cpp\CS2CheatCpp\src\render.h(40,80): warning C4244: 'argument': conversion from 'int' to 'float', possible loss of data
  (compiling source file 'src/main.cpp')
  
C:\Users\RickZ\source\repos\cs2-cheat-cpp\CS2CheatCpp\src\render.h(40,73): warning C4244: 'argument': conversion from 'int' to 'float', possible loss of data
  (compiling source file 'src/main.cpp')
  
C:\Users\RickZ\source\repos\cs2-cheat-cpp\CS2CheatCpp\src\render.h(40,60): warning C4244: 'argument': conversion from 'int' to 'float', possible loss of data
  (compiling source file 'src/main.cpp')
  
C:\Users\RickZ\source\repos\cs2-cheat-cpp\CS2CheatCpp\src\render.h(40,57): warning C4244: 'argument': conversion from 'int' to 'float', possible loss of data
  (compiling source file 'src/main.cpp')
  
C:\Users\RickZ\source\repos\cs2-cheat-cpp\CS2CheatCpp\src\main.cpp(200,15): warning C4244: 'argument': conversion from 'float' to 'int', possible loss of data
C:\Users\RickZ\source\repos\cs2-cheat-cpp\CS2CheatCpp\src\main.cpp(199,8): warning C4244: 'argument': conversion from 'float' to 'int', possible loss of data
C:\Users\RickZ\source\repos\cs2-cheat-cpp\CS2CheatCpp\src\main.cpp(198,21): warning C4244: 'argument': conversion from 'float' to 'int', possible loss of data
C:\Users\RickZ\source\repos\cs2-cheat-cpp\CS2CheatCpp\src\main.cpp(197,21): warning C4244: 'argument': conversion from 'float' to 'int', possible loss of data
C:\Users\RickZ\source\repos\cs2-cheat-cpp\CS2CheatCpp\src\main.cpp(213,15): warning C4244: 'argument': conversion from 'float' to 'int', possible loss of data
C:\Users\RickZ\source\repos\cs2-cheat-cpp\CS2CheatCpp\src\main.cpp(212,8): warning C4244: 'argument': conversion from 'float' to 'int', possible loss of data
C:\Users\RickZ\source\repos\cs2-cheat-cpp\CS2CheatCpp\src\main.cpp(211,21): warning C4244: 'argument': conversion from 'float' to 'int', possible loss of data
C:\Users\RickZ\source\repos\cs2-cheat-cpp\CS2CheatCpp\src\main.cpp(210,21): warning C4244: 'argument': conversion from 'float' to 'int', possible loss of data
C:\Users\RickZ\source\repos\cs2-cheat-cpp\CS2CheatCpp\src\main.cpp(224,19): warning C4244: 'argument': conversion from 'float' to 'int', possible loss of data
C:\Users\RickZ\source\repos\cs2-cheat-cpp\CS2CheatCpp\src\main.cpp(223,16): warning C4244: 'argument': conversion from 'float' to 'int', possible loss of data
C:\Users\RickZ\source\repos\cs2-cheat-cpp\CS2CheatCpp\src\main.cpp(231,19): warning C4244: 'argument': conversion from 'float' to 'int', possible loss of data
C:\Users\RickZ\source\repos\cs2-cheat-cpp\CS2CheatCpp\src\main.cpp(230,16): warning C4244: 'argument': conversion from 'float' to 'int', possible loss of data
C:\Users\RickZ\source\repos\cs2-cheat-cpp\CS2CheatCpp\src\main.cpp(240,20): warning C4244: 'argument': conversion from 'float' to 'int', possible loss of data
C:\Users\RickZ\source\repos\cs2-cheat-cpp\CS2CheatCpp\src\main.cpp(239,20): warning C4244: 'argument': conversion from 'float' to 'int', possible loss of data
C:\Users\RickZ\source\repos\cs2-cheat-cpp\CS2CheatCpp\src\main.cpp(254,7): warning C4244: 'argument': conversion from 'double' to 'int', possible loss of data
C:\Users\RickZ\source\repos\cs2-cheat-cpp\CS2CheatCpp\src\main.cpp(252,55): warning C4244: 'argument': conversion from 'float' to 'int', possible loss of data
C:\Users\RickZ\source\repos\cs2-cheat-cpp\CS2CheatCpp\src\main.cpp(250,61): warning C4244: 'argument': conversion from 'float' to 'int', possible loss of data
C:\Users\RickZ\source\repos\cs2-cheat-cpp\CS2CheatCpp\src\main.cpp(249,20): warning C4244: 'argument': conversion from 'float' to 'int', possible loss of data
C:\Users\RickZ\source\repos\cs2-cheat-cpp\CS2CheatCpp\src\main.cpp(260,74): warning C4244: 'argument': conversion from 'float' to 'int', possible loss of data
C:\Users\RickZ\source\repos\cs2-cheat-cpp\CS2CheatCpp\src\main.cpp(259,39): warning C4244: 'argument': conversion from 'float' to 'int', possible loss of data
C:\Users\RickZ\source\repos\cs2-cheat-cpp\CS2CheatCpp\src\main.cpp(304,50): warning C4244: 'argument': conversion from 'int' to 'float', possible loss of data
C:\Users\RickZ\source\repos\cs2-cheat-cpp\CS2CheatCpp\src\main.cpp(304,32): warning C4244: 'argument': conversion from 'int' to 'float', possible loss of data
C:\Users\RickZ\source\repos\cs2-cheat-cpp\CS2CheatCpp\src\main.cpp(402,25): warning C4244: '=': conversion from 'float' to 'int', possible loss of data
C:\Users\RickZ\source\repos\cs2-cheat-cpp\CS2CheatCpp\src\main.cpp(411,19): warning C4305: 'initializing': truncation from 'double' to 'float'
C:\Users\RickZ\source\repos\cs2-cheat-cpp\CS2CheatCpp\src\main.cpp(412,17): warning C4305: 'initializing': truncation from 'double' to 'float'
C:\Users\RickZ\source\repos\cs2-cheat-cpp\CS2CheatCpp\src\main.cpp(420,61): warning C4244: 'argument': conversion from 'float' to 'DWORD', possible loss of data
C:\Users\RickZ\source\repos\cs2-cheat-cpp\CS2CheatCpp\src\main.cpp(420,47): warning C4244: 'argument': conversion from 'float' to 'DWORD', possible loss of data
  memory.cpp
C:\Users\RickZ\source\repos\cs2-cheat-cpp\CS2CheatCpp\src\memory\handle_hijack.h(222,12): warning C4244: '*=': conversion from 'double' to 'DWORD', possible loss of data
  (compiling source file 'src/memory/memory.cpp')
  
C:\Users\RickZ\source\repos\cs2-cheat-cpp\CS2CheatCpp\src\memory\handle_hijack.h(271,29): warning C4312: 'type cast': conversion from 'ULONG' to 'DWORD *' of greater size
  (compiling source file 'src/memory/memory.cpp')
  
  Generating code
  Previous IPDB was built with incompatible compiler, fall back to full compilation.
C:\Users\RickZ\source\repos\cs2-cheat-cpp\CS2CheatCpp\src\vector.h(54): warning C4172: returning address of local variable or temporary
C:\Users\RickZ\source\repos\cs2-cheat-cpp\CS2CheatCpp\src\vector.h(28): warning C4172: returning address of local variable or temporary
C:\Users\RickZ\source\repos\cs2-cheat-cpp\CS2CheatCpp\src\vector.h(49): warning C4172: returning address of local variable or temporary
  All 2378 functions were compiled because no usable IPDB/IOBJ from previous compilation was found.
  Finished generating code
  CS2CheatCpp.vcxproj -> C:\Users\RickZ\Source\Repos\cs2-cheat-cpp\build\CS2CheatCpp.exe
